[0.004s] Invoking command in '/home/antonio/ros2/build/kryson': CMAKE_PREFIX_PATH=${CMAKE_PREFIX_PATH}:/opt/ros/jazzy DEBUGINFOD_URLS=https://debuginfod.ubuntu.com /usr/bin/cmake --build /home/antonio/ros2/build/kryson -- -j8 -l8
[0.030s] [100%] Built target talker
[0.034s] Invoked command in '/home/antonio/ros2/build/kryson' returned '0': CMAKE_PREFIX_PATH=${CMAKE_PREFIX_PATH}:/opt/ros/jazzy DEBUGINFOD_URLS=https://debuginfod.ubuntu.com /usr/bin/cmake --build /home/antonio/ros2/build/kryson -- -j8 -l8
[0.038s] Invoking command in '/home/antonio/ros2/build/kryson': CMAKE_PREFIX_PATH=${CMAKE_PREFIX_PATH}:/opt/ros/jazzy DEBUGINFOD_URLS=https://debuginfod.ubuntu.com /usr/bin/cmake --install /home/antonio/ros2/build/kryson
[0.041s] -- Install configuration: ""
[0.041s] -- Up-to-date: /home/antonio/ros2/install/kryson/lib/kryson/talker
[0.041s] -- Up-to-date: /home/antonio/ros2/install/kryson/share/ament_index/resource_index/package_run_dependencies/kryson
[0.041s] -- Up-to-date: /home/antonio/ros2/install/kryson/share/ament_index/resource_index/parent_prefix_path/kryson
[0.041s] -- Up-to-date: /home/antonio/ros2/install/kryson/share/kryson/environment/ament_prefix_path.sh
[0.041s] -- Up-to-date: /home/antonio/ros2/install/kryson/share/kryson/environment/ament_prefix_path.dsv
[0.041s] -- Up-to-date: /home/antonio/ros2/install/kryson/share/kryson/environment/path.sh
[0.041s] -- Up-to-date: /home/antonio/ros2/install/kryson/share/kryson/environment/path.dsv
[0.041s] -- Up-to-date: /home/antonio/ros2/install/kryson/share/kryson/local_setup.bash
[0.041s] -- Up-to-date: /home/antonio/ros2/install/kryson/share/kryson/local_setup.sh
[0.041s] -- Up-to-date: /home/antonio/ros2/install/kryson/share/kryson/local_setup.zsh
[0.041s] -- Up-to-date: /home/antonio/ros2/install/kryson/share/kryson/local_setup.dsv
[0.041s] -- Installing: /home/antonio/ros2/install/kryson/share/kryson/package.dsv
[0.041s] -- Up-to-date: /home/antonio/ros2/install/kryson/share/ament_index/resource_index/packages/kryson
[0.041s] -- Up-to-date: /home/antonio/ros2/install/kryson/share/kryson/cmake/krysonConfig.cmake
[0.041s] -- Up-to-date: /home/antonio/ros2/install/kryson/share/kryson/cmake/krysonConfig-version.cmake
[0.041s] -- Up-to-date: /home/antonio/ros2/install/kryson/share/kryson/package.xml
[0.042s] Invoked command in '/home/antonio/ros2/build/kryson' returned '0': CMAKE_PREFIX_PATH=${CMAKE_PREFIX_PATH}:/opt/ros/jazzy DEBUGINFOD_URLS=https://debuginfod.ubuntu.com /usr/bin/cmake --install /home/antonio/ros2/build/kryson
