-- Found ament_cmake: 2.5.4 (/opt/ros/jazzy/share/ament_cmake/cmake)
-- Found rclcpp: 28.1.12 (/opt/ros/jazzy/share/rclcpp/cmake)
-- Found rosidl_generator_c: 4.6.6 (/opt/ros/jazzy/share/rosidl_generator_c/cmake)
-- Found rosidl_generator_cpp: 4.6.6 (/opt/ros/jazzy/share/rosidl_generator_cpp/cmake)
-- Using all available rosidl_typesupport_c: rosidl_typesupport_fastrtps_c;rosidl_typesupport_introspection_c
-- Using all available rosidl_typesupport_cpp: rosidl_typesupport_fastrtps_cpp;rosidl_typesupport_introspection_cpp
-- Found rmw_implementation_cmake: 7.3.2 (/opt/ros/jazzy/share/rmw_implementation_cmake/cmake)
-- Found rmw_fastrtps_cpp: 8.4.3 (/opt/ros/jazzy/share/rmw_fastrtps_cpp/cmake)
-- Using RMW implementation 'rmw_fastrtps_cpp' as default
-- Found std_msgs: 5.3.6 (/opt/ros/jazzy/share/std_msgs/cmake)
-- Configuring done (0.2s)
-- Generating done (0.0s)
-- Build files have been written to: /home/antonio/ros2/build/kryson
[ 25%] [32mBuilding CXX object CMakeFiles/listener.dir/src/subscriber_lambda_function.cpp.o[0m
[ 75%] Built target talker
[100%] [32m[1mLinking CXX executable listener[0m
[100%] Built target listener
-- Install configuration: ""
-- Up-to-date: /home/antonio/ros2/install/kryson/lib/kryson/talker
-- Installing: /home/antonio/ros2/install/kryson/lib/kryson/listener
-- Set non-toolchain portion of runtime path of "/home/antonio/ros2/install/kryson/lib/kryson/listener" to ""
-- Up-to-date: /home/antonio/ros2/install/kryson/share/ament_index/resource_index/package_run_dependencies/kryson
-- Installing: /home/antonio/ros2/install/kryson/share/ament_index/resource_index/parent_prefix_path/kryson
-- Up-to-date: /home/antonio/ros2/install/kryson/share/kryson/environment/ament_prefix_path.sh
-- Up-to-date: /home/antonio/ros2/install/kryson/share/kryson/environment/ament_prefix_path.dsv
-- Up-to-date: /home/antonio/ros2/install/kryson/share/kryson/environment/path.sh
-- Up-to-date: /home/antonio/ros2/install/kryson/share/kryson/environment/path.dsv
-- Up-to-date: /home/antonio/ros2/install/kryson/share/kryson/local_setup.bash
-- Up-to-date: /home/antonio/ros2/install/kryson/share/kryson/local_setup.sh
-- Up-to-date: /home/antonio/ros2/install/kryson/share/kryson/local_setup.zsh
-- Up-to-date: /home/antonio/ros2/install/kryson/share/kryson/local_setup.dsv
-- Installing: /home/antonio/ros2/install/kryson/share/kryson/package.dsv
-- Up-to-date: /home/antonio/ros2/install/kryson/share/ament_index/resource_index/packages/kryson
-- Up-to-date: /home/antonio/ros2/install/kryson/share/kryson/cmake/krysonConfig.cmake
-- Up-to-date: /home/antonio/ros2/install/kryson/share/kryson/cmake/krysonConfig-version.cmake
-- Up-to-date: /home/antonio/ros2/install/kryson/share/kryson/package.xml
