[0.004s] Invoking command in '/home/antonio/ros2/build/kryson': CMAKE_PREFIX_PATH=${CMAKE_PREFIX_PATH}:/opt/ros/jazzy DEBUGINFOD_URLS=https://debuginfod.ubuntu.com /usr/bin/cmake /home/antonio/ros2/src/kryson -DCMAKE_INSTALL_PREFIX=/home/antonio/ros2/install/kryson
[0.062s] -- The C compiler identification is GNU 13.3.0
[0.124s] -- The CXX compiler identification is GNU 13.3.0
[0.132s] -- Detecting C compiler ABI info
[0.170s] -- Detecting C compiler ABI info - done
[0.174s] -- Check for working C compiler: /usr/bin/cc - skipped
[0.175s] -- Detecting C compile features
[0.175s] -- Detecting C compile features - done
[0.179s] -- Detecting CXX compiler ABI info
[0.220s] -- Detecting CXX compiler ABI info - done
[0.224s] -- Check for working CXX compiler: /usr/bin/c++ - skipped
[0.225s] -- Detecting CXX compile features
[0.225s] -- Detecting CXX compile features - done
[0.229s] -- Found ament_cmake: 2.5.4 (/opt/ros/jazzy/share/ament_cmake/cmake)
[0.290s] -- Found Python3: /usr/bin/python3 (found version "3.12.3") found components: Interpreter 
[0.369s] -- Found rclcpp: 28.1.12 (/opt/ros/jazzy/share/rclcpp/cmake)
[0.394s] -- Found rosidl_generator_c: 4.6.6 (/opt/ros/jazzy/share/rosidl_generator_c/cmake)
[0.402s] -- Found rosidl_generator_cpp: 4.6.6 (/opt/ros/jazzy/share/rosidl_generator_cpp/cmake)
[0.412s] -- Using all available rosidl_typesupport_c: rosidl_typesupport_fastrtps_c;rosidl_typesupport_introspection_c
[0.423s] -- Using all available rosidl_typesupport_cpp: rosidl_typesupport_fastrtps_cpp;rosidl_typesupport_introspection_cpp
[0.463s] -- Found rmw_implementation_cmake: 7.3.2 (/opt/ros/jazzy/share/rmw_implementation_cmake/cmake)
[0.465s] -- Found rmw_fastrtps_cpp: 8.4.3 (/opt/ros/jazzy/share/rmw_fastrtps_cpp/cmake)
[0.506s] -- Found OpenSSL: /usr/lib/aarch64-linux-gnu/libcrypto.so (found version "3.0.13")  
[0.515s] -- Found FastRTPS: /opt/ros/jazzy/include (Required is at least version "2.13") 
[0.526s] -- Using RMW implementation 'rmw_fastrtps_cpp' as default
[0.566s] -- Found std_msgs: 5.3.6 (/opt/ros/jazzy/share/std_msgs/cmake)
[0.610s] -- Configuring done (0.6s)
[0.616s] -- Generating done (0.0s)
[0.617s] -- Build files have been written to: /home/antonio/ros2/build/kryson
[0.622s] Invoked command in '/home/antonio/ros2/build/kryson' returned '0': CMAKE_PREFIX_PATH=${CMAKE_PREFIX_PATH}:/opt/ros/jazzy DEBUGINFOD_URLS=https://debuginfod.ubuntu.com /usr/bin/cmake /home/antonio/ros2/src/kryson -DCMAKE_INSTALL_PREFIX=/home/antonio/ros2/install/kryson
[0.623s] Invoking command in '/home/antonio/ros2/build/kryson': CMAKE_PREFIX_PATH=${CMAKE_PREFIX_PATH}:/opt/ros/jazzy DEBUGINFOD_URLS=https://debuginfod.ubuntu.com /usr/bin/cmake --build /home/antonio/ros2/build/kryson -- -j8 -l8
[0.643s] [ 50%] [32mBuilding CXX object CMakeFiles/talker.dir/src/MinimalPublisher.cpp.o[0m
[2.224s] [100%] [32m[1mLinking CXX executable talker[0m
[2.303s] [100%] Built target talker
[2.307s] Invoked command in '/home/antonio/ros2/build/kryson' returned '0': CMAKE_PREFIX_PATH=${CMAKE_PREFIX_PATH}:/opt/ros/jazzy DEBUGINFOD_URLS=https://debuginfod.ubuntu.com /usr/bin/cmake --build /home/antonio/ros2/build/kryson -- -j8 -l8
[2.311s] Invoking command in '/home/antonio/ros2/build/kryson': CMAKE_PREFIX_PATH=${CMAKE_PREFIX_PATH}:/opt/ros/jazzy DEBUGINFOD_URLS=https://debuginfod.ubuntu.com /usr/bin/cmake --install /home/antonio/ros2/build/kryson
[2.314s] -- Install configuration: ""
[2.314s] -- Installing: /home/antonio/ros2/install/kryson/lib/kryson/talker
[2.314s] -- Set non-toolchain portion of runtime path of "/home/antonio/ros2/install/kryson/lib/kryson/talker" to ""
[2.314s] -- Installing: /home/antonio/ros2/install/kryson/share/ament_index/resource_index/package_run_dependencies/kryson
[2.314s] -- Installing: /home/antonio/ros2/install/kryson/share/ament_index/resource_index/parent_prefix_path/kryson
[2.314s] -- Installing: /home/antonio/ros2/install/kryson/share/kryson/environment/ament_prefix_path.sh
[2.314s] -- Installing: /home/antonio/ros2/install/kryson/share/kryson/environment/ament_prefix_path.dsv
[2.315s] -- Installing: /home/antonio/ros2/install/kryson/share/kryson/environment/path.sh
[2.315s] -- Installing: /home/antonio/ros2/install/kryson/share/kryson/environment/path.dsv
[2.315s] -- Installing: /home/antonio/ros2/install/kryson/share/kryson/local_setup.bash
[2.315s] -- Installing: /home/antonio/ros2/install/kryson/share/kryson/local_setup.sh
[2.315s] -- Installing: /home/antonio/ros2/install/kryson/share/kryson/local_setup.zsh
[2.315s] -- Installing: /home/antonio/ros2/install/kryson/share/kryson/local_setup.dsv
[2.315s] -- Installing: /home/antonio/ros2/install/kryson/share/kryson/package.dsv
[2.315s] -- Installing: /home/antonio/ros2/install/kryson/share/ament_index/resource_index/packages/kryson
[2.315s] -- Installing: /home/antonio/ros2/install/kryson/share/kryson/cmake/krysonConfig.cmake
[2.315s] -- Installing: /home/antonio/ros2/install/kryson/share/kryson/cmake/krysonConfig-version.cmake
[2.315s] -- Installing: /home/antonio/ros2/install/kryson/share/kryson/package.xml
[2.316s] Invoked command in '/home/antonio/ros2/build/kryson' returned '0': CMAKE_PREFIX_PATH=${CMAKE_PREFIX_PATH}:/opt/ros/jazzy DEBUGINFOD_URLS=https://debuginfod.ubuntu.com /usr/bin/cmake --install /home/antonio/ros2/build/kryson
